<?xml version="1.0" encoding="UTF-8"?>
<testsuite name="it.unibo.bls17.simple.qa.TestBlsSimple17_0" tests="1" skipped="0" failures="0" errors="0" timestamp="2017-03-22T14:26:45" hostname="anataliTHINK" time="8.372">
  <properties/>
  <testcase name="execTest" classname="it.unibo.bls17.simple.qa.TestBlsSimple17_0" time="8.372"/>
  <system-out><![CDATA[	*** QActorUtils evlpa_ctxblssimple2017 created it.unibo.qactors.platform.EventLoopActor@4e66ed8f
	*** QActorUtils buttongui017 created it.unibo.buttongui017.MsgHandle_Buttongui017@15713ae8
	*** QActorUtils buttongui017_ctrl created it.unibo.buttongui017.Buttongui017@5c7844a5
*** addPanel 0
	*** ActorUtils terminateTheQActor buttongui017_ctrl testing=false
	*** QActorUtils ledsimple017 created it.unibo.ledsimple017.MsgHandle_Ledsimple017@e17d5cb
*** addPanel 1
	*** QActorUtils ledsimple017_ctrl created it.unibo.ledsimple017.Ledsimple017@2a65c529
	*** QActorUtils ctxblssimple2017 created it.unibo.qactors.akka.SystemCreationActor@13606d59
====== setUp  it.unibo.qactors.QActorContext@4df91c44
====== execTest ===============
		execTest ls=false
			||| btn WILL EMIT event:click after 500
			||| btn EMITTED event:click
		execTest ls=true
			||| btn WILL EMIT event:click after 500
			||| btn EMITTED event:click
	*** SystemCreationActor onReceive terminate(buttongui017_ctrl,false)
		*** SystemCreationActor terminates1:buttongui017_ctrl  1/4
		*** SystemCreationActor terminates1:buttongui017  2/4
		execTest ls=false
			||| btn WILL EMIT event:click after 500
			||| btn EMITTED event:click
		execTest ls=true
====== terminate  it.unibo.qactors.QActorContext@4df91c44
]]></system-out>
  <system-err><![CDATA[]]></system-err>
</testsuite>
